This is pdfTeX, Version 3.1415926-2.5-1.40.14 (TeX Live 2013/Arch Linux) (format=pdflatex 2013.9.2)  4 SEP 2013 16:26
entering extended mode
 restricted \write18 enabled.
 %&-line parsing enabled.
**topic_modeling.tex
(./topic_modeling.tex
LaTeX2e <2011/06/27>
Babel <3.9f> and hyphenation patterns for 78 languages loaded.
(/usr/share/texmf-dist/tex/latex/base/article.cls
Document Class: article 2007/10/19 v1.4h Standard LaTeX document class
(/usr/share/texmf-dist/tex/latex/base/size10.clo
File: size10.clo 2007/10/19 v1.4h Standard LaTeX file (size option)
)
\c@part=\count79
\c@section=\count80
\c@subsection=\count81
\c@subsubsection=\count82
\c@paragraph=\count83
\c@subparagraph=\count84
\c@figure=\count85
\c@table=\count86
\abovecaptionskip=\skip41
\belowcaptionskip=\skip42
\bibindent=\dimen102
)
(/usr/share/texmf-dist/tex/latex/natbib/natbib.sty
Package: natbib 2010/09/13 8.31b (PWD, AO)
\bibhang=\skip43
\bibsep=\skip44
LaTeX Info: Redefining \cite on input line 694.
\c@NAT@ctr=\count87
)
(/usr/share/texmf-dist/tex/latex/graphics/graphicx.sty
Package: graphicx 1999/02/16 v1.0f Enhanced LaTeX Graphics (DPC,SPQR)

(/usr/share/texmf-dist/tex/latex/graphics/keyval.sty
Package: keyval 1999/03/16 v1.13 key=value parser (DPC)
\KV@toks@=\toks14
)
(/usr/share/texmf-dist/tex/latex/graphics/graphics.sty
Package: graphics 2009/02/05 v1.0o Standard LaTeX Graphics (DPC,SPQR)

(/usr/share/texmf-dist/tex/latex/graphics/trig.sty
Package: trig 1999/03/16 v1.09 sin cos tan (DPC)
)
(/usr/share/texmf-dist/tex/latex/latexconfig/graphics.cfg
File: graphics.cfg 2010/04/23 v1.9 graphics configuration of TeX Live
)
Package graphics Info: Driver file: pdftex.def on input line 91.

(/usr/share/texmf-dist/tex/latex/pdftex-def/pdftex.def
File: pdftex.def 2011/05/27 v0.06d Graphics/color for pdfTeX

(/usr/share/texmf-dist/tex/generic/oberdiek/infwarerr.sty
Package: infwarerr 2010/04/08 v1.3 Providing info/warning/error messages (HO)
)
(/usr/share/texmf-dist/tex/generic/oberdiek/ltxcmds.sty
Package: ltxcmds 2011/11/09 v1.22 LaTeX kernel commands for general use (HO)
)
\Gread@gobject=\count88
))
\Gin@req@height=\dimen103
\Gin@req@width=\dimen104
)
(/usr/share/texmf-dist/tex/latex/graphics/color.sty
Package: color 2005/11/14 v1.0j Standard LaTeX Color (DPC)

(/usr/share/texmf-dist/tex/latex/latexconfig/color.cfg
File: color.cfg 2007/01/18 v1.5 color configuration of teTeX/TeXLive
)
Package color Info: Driver file: pdftex.def on input line 130.
)
(/usr/share/texmf/tex/latex/Paper/mhchem.sty
Package: mhchem 2007/05/19 v3.07 for typesetting chemical formulae

(/usr/share/texmf-dist/tex/latex/base/ifthen.sty
Package: ifthen 2001/05/26 v1.1c Standard LaTeX ifthen package (DPC)
)
(/usr/share/texmf-dist/tex/latex/tools/calc.sty
Package: calc 2007/08/22 v4.3 Infix arithmetic (KKT,FJ)
\calc@Acount=\count89
\calc@Bcount=\count90
\calc@Adimen=\dimen105
\calc@Bdimen=\dimen106
\calc@Askip=\skip45
\calc@Bskip=\skip46
LaTeX Info: Redefining \setlength on input line 76.
LaTeX Info: Redefining \addtolength on input line 77.
\calc@Ccount=\count91
\calc@Cskip=\skip47
)
(/usr/share/texmf-dist/tex/latex/oberdiek/twoopt.sty
Package: twoopt 2008/08/11 v1.5 Definitions with two optional arguments (HO)
)
(/usr/share/texmf-dist/tex/latex/amsmath/amsmath.sty
Package: amsmath 2013/01/14 v2.14 AMS math features
\@mathmargin=\skip48

For additional information on amsmath, use the `?' option.
(/usr/share/texmf-dist/tex/latex/amsmath/amstext.sty
Package: amstext 2000/06/29 v2.01

(/usr/share/texmf-dist/tex/latex/amsmath/amsgen.sty
File: amsgen.sty 1999/11/30 v2.0
\@emptytoks=\toks15
\ex@=\dimen107
))
(/usr/share/texmf-dist/tex/latex/amsmath/amsbsy.sty
Package: amsbsy 1999/11/29 v1.2d
\pmbraise@=\dimen108
)
(/usr/share/texmf-dist/tex/latex/amsmath/amsopn.sty
Package: amsopn 1999/12/14 v2.01 operator names
)
\inf@bad=\count92
LaTeX Info: Redefining \frac on input line 210.
\uproot@=\count93
\leftroot@=\count94
LaTeX Info: Redefining \overline on input line 306.
\classnum@=\count95
\DOTSCASE@=\count96
LaTeX Info: Redefining \ldots on input line 378.
LaTeX Info: Redefining \dots on input line 381.
LaTeX Info: Redefining \cdots on input line 466.
\Mathstrutbox@=\box26
\strutbox@=\box27
\big@size=\dimen109
LaTeX Font Info:    Redeclaring font encoding OML on input line 566.
LaTeX Font Info:    Redeclaring font encoding OMS on input line 567.
\macc@depth=\count97
\c@MaxMatrixCols=\count98
\dotsspace@=\muskip10
\c@parentequation=\count99
\dspbrk@lvl=\count100
\tag@help=\toks16
\row@=\count101
\column@=\count102
\maxfields@=\count103
\andhelp@=\toks17
\eqnshift@=\dimen110
\alignsep@=\dimen111
\tagshift@=\dimen112
\tagwidth@=\dimen113
\totwidth@=\dimen114
\lineht@=\dimen115
\@envbody=\toks18
\multlinegap=\skip49
\multlinetaggap=\skip50
\mathdisplay@stack=\toks19
LaTeX Info: Redefining \[ on input line 2665.
LaTeX Info: Redefining \] on input line 2666.
)
\tok@mhchem@ce@iii=\toks20
\mhchem@arrowminlength=\skip51
\mhchem@arrows@box=\box28
\mhchem@arrowlength@pgf=\skip52
\mhchem@arrowminlength@pgf=\skip53
\mhchem@bondwidth=\skip54
\mhchem@bondheight=\skip55
\mhchem@smallbondwidth@tmpA=\skip56
\mhchem@smallbondwidth@tmpB=\skip57
\mhchem@smallbondwidth=\skip58
\mhchem@cf@element=\toks21
\mhchem@cf@number=\toks22
\mhchem@cf@sup=\toks23
\tok@mhchem@cf@i=\toks24
\c@mhchem@cf@length=\count104
\mhchem@cf@replaceminus@tok=\toks25
\mhchem@option@minussidebearingleft=\skip59
\mhchem@option@minussidebearingright=\skip60


Package mhchem Warning: You did not specify a 'version' option for the mhchem
(mhchem)                package. This means you EITHER have an existing
(mhchem)                document and mhchem was updated to a newer version.
(mhchem)                Please check the mhchem manual in that case! OR, you
(mhchem)                are about to create a new document; in this case,
(mhchem)                please write \usepackage[version=3]{mhchem} in your pre
amble in
(mhchem)                order to use the most recent version of mhchem.

) (/usr/share/texmf-dist/tex/latex/psnfss/times.sty
Package: times 2005/04/12 PSNFSS-v9.2a (SPQR) 
)
(/usr/share/texmf-dist/tex/latex/psnfss/mathptmx.sty
Package: mathptmx 2005/04/12 PSNFSS-v9.2a Times w/ Math, improved (SPQR, WaS) 
LaTeX Font Info:    Redeclaring symbol font `operators' on input line 28.
LaTeX Font Info:    Overwriting symbol font `operators' in version `normal'
(Font)                  OT1/cmr/m/n --> OT1/ztmcm/m/n on input line 28.
LaTeX Font Info:    Overwriting symbol font `operators' in version `bold'
(Font)                  OT1/cmr/bx/n --> OT1/ztmcm/m/n on input line 28.
LaTeX Font Info:    Redeclaring symbol font `letters' on input line 29.
LaTeX Font Info:    Overwriting symbol font `letters' in version `normal'
(Font)                  OML/cmm/m/it --> OML/ztmcm/m/it on input line 29.
LaTeX Font Info:    Overwriting symbol font `letters' in version `bold'
(Font)                  OML/cmm/b/it --> OML/ztmcm/m/it on input line 29.
LaTeX Font Info:    Redeclaring symbol font `symbols' on input line 30.
LaTeX Font Info:    Overwriting symbol font `symbols' in version `normal'
(Font)                  OMS/cmsy/m/n --> OMS/ztmcm/m/n on input line 30.
LaTeX Font Info:    Overwriting symbol font `symbols' in version `bold'
(Font)                  OMS/cmsy/b/n --> OMS/ztmcm/m/n on input line 30.
LaTeX Font Info:    Redeclaring symbol font `largesymbols' on input line 31.
LaTeX Font Info:    Overwriting symbol font `largesymbols' in version `normal'
(Font)                  OMX/cmex/m/n --> OMX/ztmcm/m/n on input line 31.
LaTeX Font Info:    Overwriting symbol font `largesymbols' in version `bold'
(Font)                  OMX/cmex/m/n --> OMX/ztmcm/m/n on input line 31.
\symbold=\mathgroup4
\symitalic=\mathgroup5
LaTeX Font Info:    Redeclaring math alphabet \mathbf on input line 34.
LaTeX Font Info:    Overwriting math alphabet `\mathbf' in version `normal'
(Font)                  OT1/cmr/bx/n --> OT1/ptm/bx/n on input line 34.
LaTeX Font Info:    Overwriting math alphabet `\mathbf' in version `bold'
(Font)                  OT1/cmr/bx/n --> OT1/ptm/bx/n on input line 34.
LaTeX Font Info:    Redeclaring math alphabet \mathit on input line 35.
LaTeX Font Info:    Overwriting math alphabet `\mathit' in version `normal'
(Font)                  OT1/cmr/m/it --> OT1/ptm/m/it on input line 35.
LaTeX Font Info:    Overwriting math alphabet `\mathit' in version `bold'
(Font)                  OT1/cmr/bx/it --> OT1/ptm/m/it on input line 35.
LaTeX Info: Redefining \hbar on input line 50.
)
(/usr/share/texmf-dist/tex/latex/sectsty/sectsty.sty
Package: sectsty 2002/02/25 v2.0.2 Commands to change all sectional heading sty
les
)
(/usr/share/texmf/tex/latex/Paper/balance.sty
Package: balance 1999/02/23 4.3 (PWD)
\oldvsize=\dimen116
)
(/usr/share/texmf-dist/tex/latex/lastpage/lastpage.sty
Package: lastpage 2013/01/28 v1.2l Refers to last page's name (HMM; JPG)
)
(/usr/share/texmf/tex/latex/Paper/caption.sty
Package: caption 2008/04/01 v3.1h Customizing captions (AR)

(/usr/share/texmf/tex/latex/Paper/caption3.sty
Package: caption3 2009/10/09 v3.1k caption3 kernel (AR)
\captionmargin=\dimen117
\captionmargin@=\dimen118
\captionwidth=\dimen119
\caption@indent=\dimen120
\caption@parindent=\dimen121
\caption@hangindent=\dimen122
)
\c@ContinuedFloat=\count105
)
(/usr/share/texmf/tex/latex/Paper/fancyhdr.sty
\fancy@headwidth=\skip61
\f@ncyO@elh=\skip62
\f@ncyO@erh=\skip63
\f@ncyO@olh=\skip64
\f@ncyO@orh=\skip65
\f@ncyO@elf=\skip66
\f@ncyO@erf=\skip67
\f@ncyO@olf=\skip68
\f@ncyO@orf=\skip69
)

LaTeX Warning: Unused global option(s):
    [8.5pt].

No file topic_modeling.aux.
\openout1 = `topic_modeling.aux'.

LaTeX Font Info:    Checking defaults for OML/cmm/m/it on input line 28.
LaTeX Font Info:    ... okay on input line 28.
LaTeX Font Info:    Checking defaults for T1/cmr/m/n on input line 28.
LaTeX Font Info:    ... okay on input line 28.
LaTeX Font Info:    Checking defaults for OT1/cmr/m/n on input line 28.
LaTeX Font Info:    ... okay on input line 28.
LaTeX Font Info:    Checking defaults for OMS/cmsy/m/n on input line 28.
LaTeX Font Info:    ... okay on input line 28.
LaTeX Font Info:    Checking defaults for OMX/cmex/m/n on input line 28.
LaTeX Font Info:    ... okay on input line 28.
LaTeX Font Info:    Checking defaults for U/cmr/m/n on input line 28.
LaTeX Font Info:    ... okay on input line 28.
LaTeX Font Info:    Try loading font information for OT1+ptm on input line 28.
(/usr/share/texmf-dist/tex/latex/psnfss/ot1ptm.fd
File: ot1ptm.fd 2001/06/04 font definitions for OT1/ptm.
)
(/usr/share/texmf-dist/tex/context/base/supp-pdf.mkii
[Loading MPS to PDF converter (version 2006.09.02).]
\scratchcounter=\count106
\scratchdimen=\dimen123
\scratchbox=\box29
\nofMPsegments=\count107
\nofMParguments=\count108
\everyMPshowfont=\toks26
\MPscratchCnt=\count109
\MPscratchDim=\dimen124
\MPnumerator=\count110
\makeMPintoPDFobject=\count111
\everyMPtoPDFconversion=\toks27
) (/usr/share/texmf-dist/tex/generic/oberdiek/pdftexcmds.sty
Package: pdftexcmds 2011/11/29 v0.20 Utility functions of pdfTeX for LuaTeX (HO
)

(/usr/share/texmf-dist/tex/generic/oberdiek/ifluatex.sty
Package: ifluatex 2010/03/01 v1.3 Provides the ifluatex switch (HO)
Package ifluatex Info: LuaTeX not detected.
)
(/usr/share/texmf-dist/tex/generic/oberdiek/ifpdf.sty
Package: ifpdf 2011/01/30 v2.3 Provides the ifpdf switch (HO)
Package ifpdf Info: pdfTeX in PDF mode is detected.
)
Package pdftexcmds Info: LuaTeX not detected.
Package pdftexcmds Info: \pdf@primitive is available.
Package pdftexcmds Info: \pdf@ifprimitive is available.
Package pdftexcmds Info: \pdfdraftmode found.
)
(/usr/share/texmf-dist/tex/latex/oberdiek/epstopdf-base.sty
Package: epstopdf-base 2010/02/09 v2.5 Base part for package epstopdf

(/usr/share/texmf-dist/tex/latex/oberdiek/grfext.sty
Package: grfext 2010/08/19 v1.1 Manage graphics extensions (HO)

(/usr/share/texmf-dist/tex/generic/oberdiek/kvdefinekeys.sty
Package: kvdefinekeys 2011/04/07 v1.3 Define keys (HO)
))
(/usr/share/texmf-dist/tex/latex/oberdiek/kvoptions.sty
Package: kvoptions 2011/06/30 v3.11 Key value format for package options (HO)

(/usr/share/texmf-dist/tex/generic/oberdiek/kvsetkeys.sty
Package: kvsetkeys 2012/04/25 v1.16 Key value parser (HO)

(/usr/share/texmf-dist/tex/generic/oberdiek/etexcmds.sty
Package: etexcmds 2011/02/16 v1.5 Avoid name clashes with e-TeX commands (HO)
Package etexcmds Info: Could not find \expanded.
(etexcmds)             That can mean that you are not using pdfTeX 1.50 or
(etexcmds)             that some package has redefined \expanded.
(etexcmds)             In the latter case, load this package earlier.
)))
Package grfext Info: Graphics extension search list:
(grfext)             [.png,.pdf,.jpg,.mps,.jpeg,.jbig2,.jb2,.PNG,.PDF,.JPG,.JPE
G,.JBIG2,.JB2,.eps]
(grfext)             \AppendGraphicsExtensions on input line 452.

(/usr/share/texmf-dist/tex/latex/latexconfig/epstopdf-sys.cfg
File: epstopdf-sys.cfg 2010/07/13 v1.3 Configuration of (r)epstopdf for TeX Liv
e
))
Package lastpage Info: Please have a look at the pageslts package at
(lastpage)             http://www.ctan.org/tex-archive/ 
(lastpage)             macros/latex/contrib/pageslts/ 
(lastpage)             or
(lastpage)             http://www.ctan.org/tex-archive/ 
(lastpage)             install/macros/latex/contrib/pageslts.tds.zip
(lastpage)             ! on input line 28.
Package caption Info: Begin \AtBeginDocument code.
Package caption Info: End \AtBeginDocument code.
LaTeX Font Info:    Font shape `OT1/ptm/bx/n' in size <14.4> not available
(Font)              Font shape `OT1/ptm/b/n' tried instead on input line 76.
LaTeX Font Info:    Font shape `OT1/ptm/bx/n' in size <12> not available
(Font)              Font shape `OT1/ptm/b/n' tried instead on input line 76.

Underfull \hbox (badness 10000) in paragraph at lines 77--86

 []


Underfull \hbox (badness 10000) in paragraph at lines 77--86

 []

LaTeX Font Info:    Try loading font information for OMS+ptm on input line 87.
(/usr/share/texmf-dist/tex/latex/psnfss/omsptm.fd
File: omsptm.fd 
)
LaTeX Font Info:    Font shape `OMS/ptm/m/n' in size <10> not available
(Font)              Font shape `OMS/cmsy/m/n' tried instead on input line 87.

Underfull \hbox (badness 10000) in paragraph at lines 96--109

 []


Underfull \hbox (badness 1824) in paragraph at lines 96--109
\OT1/ptm/m/n/10 Para eval-uar que mod-elo de t[]opicos se ajusta mejor a
 []

LaTeX Font Info:    Try loading font information for OT1+ztmcm on input line 11
3.
(/usr/share/texmf-dist/tex/latex/psnfss/ot1ztmcm.fd
File: ot1ztmcm.fd 2000/01/03 Fontinst v1.801 font definitions for OT1/ztmcm.
)
LaTeX Font Info:    Try loading font information for OML+ztmcm on input line 11
3.

(/usr/share/texmf-dist/tex/latex/psnfss/omlztmcm.fd
File: omlztmcm.fd 2000/01/03 Fontinst v1.801 font definitions for OML/ztmcm.
)
LaTeX Font Info:    Try loading font information for OMS+ztmcm on input line 11
3.

(/usr/share/texmf-dist/tex/latex/psnfss/omsztmcm.fd
File: omsztmcm.fd 2000/01/03 Fontinst v1.801 font definitions for OMS/ztmcm.
)
LaTeX Font Info:    Try loading font information for OMX+ztmcm on input line 11
3.

(/usr/share/texmf-dist/tex/latex/psnfss/omxztmcm.fd
File: omxztmcm.fd 2000/01/03 Fontinst v1.801 font definitions for OMX/ztmcm.
)
LaTeX Font Info:    Font shape `OT1/ptm/bx/n' in size <8> not available
(Font)              Font shape `OT1/ptm/b/n' tried instead on input line 113.
LaTeX Font Info:    Font shape `OT1/ptm/bx/n' in size <6> not available
(Font)              Font shape `OT1/ptm/b/n' tried instead on input line 113.
LaTeX Font Info:    Font shape `OT1/ptm/bx/n' in size <5> not available
(Font)              Font shape `OT1/ptm/b/n' tried instead on input line 113.
LaTeX Font Info:    Font shape `OMS/ptm/m/n' in size <8> not available
(Font)              Font shape `OMS/cmsy/m/n' tried instead on input line 113.
Missing character: There is no Ã in font ptmr7t!
Missing character: There is no ± in font ptmr7t!

Underfull \hbox (badness 10000) in paragraph at lines 115--138

 []


Underfull \hbox (badness 2310) in paragraph at lines 115--138
\OT1/ptm/m/n/10 que servir[]an como en-tre-namiento para el mod-e-lado de
 []


Underfull \hbox (badness 10000) in paragraph at lines 115--138

 []


Underfull \hbox (badness 2435) in paragraph at lines 115--138
\OT1/ptm/m/n/10 En este tra-bajo uti-lizamos Mal-let y la im-ple-mentaci[]on
 []


Underfull \hbox (badness 10000) in paragraph at lines 115--138

 []


Underfull \hbox (badness 10000) in paragraph at lines 115--138

 []

LaTeX Font Info:    Font shape `OT1/ptm/bx/it' in size <9> not available
(Font)              Font shape `OT1/ptm/b/it' tried instead on input line 138.
LaTeX Font Info:    Font shape `OT1/ptm/bx/n' in size <10> not available
(Font)              Font shape `OT1/ptm/b/n' tried instead on input line 138.
LaTeX Font Info:    Try loading font information for OT1+phv on input line 138.

(/usr/share/texmf-dist/tex/latex/psnfss/ot1phv.fd
File: ot1phv.fd 2001/06/04 scalable font definitions for OT1/phv.
)

LaTeX Warning: Reference `LastPage' on page 1 undefined on input line 138.

LaTeX Font Info:    Try loading font information for OMS+phv on input line 138.

(/usr/share/texmf-dist/tex/latex/psnfss/omsphv.fd
File: omsphv.fd 
)
LaTeX Font Info:    Font shape `OMS/phv/m/n' in size <8> not available
(Font)              Font shape `OMS/cmsy/m/n' tried instead on input line 138.
 [1{/var/lib/texmf/fonts/map/pdftex/updmap/pdftex.map}


]
Underfull \hbox (badness 4024) in paragraph at lines 143--147
\OT1/ptm/m/n/10 el for-mato que ar-roj[]o el paso an-te-rior. (en-tre-
 []


Underfull \hbox (badness 1087) in paragraph at lines 152--157
[]\OT1/ptm/m/it/10 Evaluacion de la in-fer-en-cia\OT1/ptm/m/n/10 , Mal-let per-
mite eval-uar
 []

<perplexity.png, id=13, 1282.7925pt x 746.79pt>
File: perplexity.png Graphic file (type png)
 <use perplexity.png>
Package pdftex.def Info: perplexity.png used on input line 167.
(pdftex.def)             Requested size: 256.55396pt x 149.35535pt.

Overfull \hbox (9.7263pt too wide) in paragraph at lines 167--168
 [][] 
 []

LaTeX Font Info:    Font shape `OT1/ptm/bx/n' in size <9> not available
(Font)              Font shape `OT1/ptm/b/n' tried instead on input line 168.

Underfull \hbox (badness 1997) in paragraph at lines 184--185
[]\OT1/ptm/m/it/10 noticias[]evaluator.txt\OT1/ptm/m/n/10 , Per-mite obtener m[
]etricas para
 []

<burble_k8_5_mallet_keys.png, id=14, 1166.3575pt x 737.75626pt>
File: burble_k8_5_mallet_keys.png Graphic file (type png)

<use burble_k8_5_mallet_keys.png>
Package pdftex.def Info: burble_k8_5_mallet_keys.png used on input line 190.
(pdftex.def)             Requested size: 233.26736pt x 147.54863pt.

<burble_k4_10_mallet_keys.png, id=15, 944.52875pt x 734.745pt>
File: burble_k4_10_mallet_keys.png Graphic file (type png)

<use burble_k4_10_mallet_keys.png>
Package pdftex.def Info: burble_k4_10_mallet_keys.png used on input line 204.
(pdftex.def)             Requested size: 188.9024pt x 146.9464pt.


LaTeX Warning: `h' float specifier changed to `ht'.


LaTeX Warning: Reference `LastPage' on page 2 undefined on input line 211.

[2 <./perplexity.png> <./burble_k8_5_mallet_keys.png>]
Underfull \hbox (badness 1436) in paragraph at lines 212--214
[]\OT1/ptm/m/n/10 Venezuela, mundial, unidos, amer-ica latina, guerra,
 []

<topics_words_4_10_txt.png, id=19, 1027.84pt x 1027.84pt>
File: topics_words_4_10_txt.png Graphic file (type png)

<use topics_words_4_10_txt.png>
Package pdftex.def Info: topics_words_4_10_txt.png used on input line 220.
(pdftex.def)             Requested size: 205.56436pt x 205.56436pt.


LaTeX Warning: `h' float specifier changed to `ht'.


Underfull \hbox (badness 1112) in paragraph at lines 225--228
\OT1/ptm/m/n/10 Se puede ob-ser-var que el t[]opico 3 con-tiene un n[]umero
 []

<tremap_k8_5_P0_998_unigram.png, id=21, 1234.6125pt x 598.235pt>
File: tremap_k8_5_P0_998_unigram.png Graphic file (type png)

<use tremap_k8_5_P0_998_unigram.png>
Package pdftex.def Info: tremap_k8_5_P0_998_unigram.png used on input line 232.

(pdftex.def)             Requested size: 246.91812pt x 119.64487pt.


LaTeX Warning: `h' float specifier changed to `ht'.


Underfull \hbox (badness 6961) in paragraph at lines 238--241
[]\OT1/ptm/m/n/10 avn.info.ve, tele-grafo.com.ec, ele-conomista.com.mx,
 []


Underfull \hbox (badness 3128) in paragraph at lines 242--246
[]\OT1/ptm/m/n/10 ultimahora.com, cin-co-dias.com, los aso-cia con los
 []


LaTeX Warning: Reference `LastPage' on page 3 undefined on input line 262.

[3 <./burble_k4_10_mallet_keys.png> <./topics_words_4_10_txt.png> <./tremap_k8_
5_P0_998_unigram.png>]
Underfull \hbox (badness 10000) in paragraph at lines 278--279
[]\OT1/ptm/m/n/10 Lista de De-sar-rollo Mal-let
 []


Overfull \hbox (20.90964pt too wide) in paragraph at lines 278--279
\OT1/ptm/m/n/10 http://comments.gmane.org/gmane.comp.ai.mallet.devel/1294 
 []


Underfull \hbox (badness 8151) in paragraph at lines 279--280
[]\OT1/ptm/m/n/10 Modelado de Top-i-cos, Uni-ver-si-dad de Prince-ton
 []


Underfull \hbox (badness 10000) in paragraph at lines 280--281
[]\OT1/ptm/m/n/10 Topic Mod-elling with MAL-LET
 []


Underfull \hbox (badness 10000) in paragraph at lines 281--282
[]\OT1/ptm/m/n/10 Comprehending the Dig-i-tal Hu-man-i-ties
 []


Underfull \hbox (badness 10000) in paragraph at lines 281--282
\OT1/ptm/m/n/10 https://dhs.stanford.edu/comprehending-the-digital-
 []


Underfull \hbox (badness 10000) in paragraph at lines 282--283
[]\OT1/ptm/m/n/10 Gephi + MAL-LET + EMDA
 []


Underfull \hbox (badness 10000) in paragraph at lines 283--284
[]\OT1/ptm/m/n/10 Identifying the path-ways for mean-ing
 []


Underfull \hbox (badness 10000) in paragraph at lines 283--284
\OT1/ptm/m/n/10 cir-cu-la-tion us-ing text net-work anal-y-sis
 []


Underfull \hbox (badness 10000) in paragraph at lines 283--284
\OT1/ptm/m/n/10 http://noduslabs.com/research/pathways-meaning-
 []


Overfull \hbox (18.85927pt too wide) in paragraph at lines 284--285
[]\OT1/ptm/m/n/10 Redes de T[]opicos https://dhs.stanford.edu/visualization/top
ic-
 []


Underfull \hbox (badness 2608) in paragraph at lines 285--286
[]\OT1/ptm/m/n/10 Review Mal-let http://journalofdigitalhumanities.org/2-
 []


Underfull \hbox (badness 10000) in paragraph at lines 286--287
\OT1/ptm/m/n/10 http://tedunderwood.com/2012/12/02/visualizing-topic-
 []


Overfull \hbox (142.51787pt too wide) in paragraph at lines 287--288
[]\OT1/ptm/m/n/10 Mallet Pa-per http://courses.washington.edu/ling572/winter201
3/slides/class2[]570[]mallet.pdf 
 []


Overfull \hbox (61.85944pt too wide) in paragraph at lines 288--289
[]\OT1/ptm/m/n/10 SIGKDD 2011 Conferencehttp://www.bytemining.com/2011/08/sigkd
d-
 []


Underfull \hbox (badness 10000) in paragraph at lines 288--289
\OT1/ptm/m/n/10 2011-conference-day-1-graph-mining-and-david-
 []


Underfull \hbox (badness 10000) in paragraph at lines 289--290
[]\OT1/ptm/m/n/10 C[]odigo Em-pleado en este tra-bajo Pr[]actico
 []


Underfull \hbox (badness 10000) in paragraph at lines 290--291
[]\OT1/ptm/m/n/10 Slides en HTML so-bre Mod-e-lado de T[]opicos
 []


Overfull \hbox (54.219pt too wide) in paragraph at lines 290--291
\OT1/ptm/m/n/10 http://j3nnn1.github.io/homework/tp[]textII/slides/topic[]model
ing.html 
 []


Package lastpage Warning: Rerun to get the references right on input line 300.


AED: lastpage setting LastPage

LaTeX Warning: Reference `LastPage' on page 4 undefined on input line 300.

[4] (./topic_modeling.aux)

LaTeX Warning: There were undefined references.


LaTeX Warning: Label(s) may have changed. Rerun to get cross-references right.

 ) 
Here is how much of TeX's memory you used:
 4246 strings out of 493315
 61843 string characters out of 6143705
 146811 words of memory out of 5000000
 7608 multiletter control sequences out of 15000+600000
 29920 words of font info for 56 fonts, out of 8000000 for 9000
 957 hyphenation exceptions out of 8191
 38i,12n,43p,499b,417s stack positions out of 5000i,500n,10000p,200000b,80000s
{/usr/share/texmf-dist/fonts/enc/dvips/base/8r.enc}</usr/share/texmf-dist/fon
ts/type1/public/amsfonts/cm/cmsy10.pfb></usr/share/texmf-dist/fonts/type1/publi
c/amsfonts/cm/cmsy8.pfb></usr/share/texmf-dist/fonts/type1/urw/helvetic/uhvr8a.
pfb></usr/share/texmf-dist/fonts/type1/urw/times/utmb8a.pfb></usr/share/texmf-d
ist/fonts/type1/urw/times/utmbi8a.pfb></usr/share/texmf-dist/fonts/type1/urw/ti
mes/utmr8a.pfb></usr/share/texmf-dist/fonts/type1/urw/times/utmri8a.pfb>
Output written on topic_modeling.pdf (4 pages, 417558 bytes).
PDF statistics:
 54 PDF objects out of 1000 (max. 8388607)
 33 compressed objects within 1 object stream
 0 named destinations out of 1000 (max. 500000)
 26 words of extra memory for PDF output out of 10000 (max. 10000000)

